{"level":"error","ts":"2023-04-13T05:50:38.607Z","caller":"server/runtime_javascript_logger.go:94","msg":"GoError: HTTP request error: Post \"http://192.168.100.4:3000/send_message\": context deadline exceeded","api_id":"authenticateemail","mode":"after"}
{"level":"warn","ts":"2023-04-13T05:52:12.304Z","caller":"server/config.go:311","msg":"WARNING: insecure default parameter value, change this for production!","param":"console.username"}
{"level":"warn","ts":"2023-04-13T05:52:12.305Z","caller":"server/config.go:315","msg":"WARNING: insecure default parameter value, change this for production!","param":"console.password"}
{"level":"warn","ts":"2023-04-13T05:52:12.306Z","caller":"server/config.go:319","msg":"WARNING: insecure default parameter value, change this for production!","param":"console.signing_key"}
{"level":"warn","ts":"2023-04-13T05:52:12.307Z","caller":"server/config.go:323","msg":"WARNING: insecure default parameter value, change this for production!","param":"socket.server_key"}
{"level":"warn","ts":"2023-04-13T05:52:12.307Z","caller":"server/config.go:327","msg":"WARNING: insecure default parameter value, change this for production!","param":"session.encryption_key"}
{"level":"warn","ts":"2023-04-13T05:52:12.308Z","caller":"server/config.go:331","msg":"WARNING: insecure default parameter value, change this for production!","param":"session.refresh_encryption_key"}
{"level":"warn","ts":"2023-04-13T05:52:12.308Z","caller":"server/config.go:335","msg":"WARNING: insecure default parameter value, change this for production!","param":"runtime.http_key"}
{"level":"warn","ts":"2023-04-13T05:52:33.763Z","caller":"server/runtime_javascript_logger.go:84","msg":"[Enviando]:[object Object]","api_id":"authenticateemail","mode":"after"}
{"level":"error","ts":"2023-04-13T05:52:38.765Z","caller":"server/runtime_javascript_logger.go:94","msg":"GoError: HTTP request error: Post \"http://192.168.100.4:3000/send_message\": context deadline exceeded","api_id":"authenticateemail","mode":"after"}
{"level":"warn","ts":"2023-04-13T05:55:26.853Z","caller":"server/config.go:311","msg":"WARNING: insecure default parameter value, change this for production!","param":"console.username"}
{"level":"warn","ts":"2023-04-13T05:55:26.855Z","caller":"server/config.go:315","msg":"WARNING: insecure default parameter value, change this for production!","param":"console.password"}
{"level":"warn","ts":"2023-04-13T05:55:26.855Z","caller":"server/config.go:319","msg":"WARNING: insecure default parameter value, change this for production!","param":"console.signing_key"}
{"level":"warn","ts":"2023-04-13T05:55:26.856Z","caller":"server/config.go:323","msg":"WARNING: insecure default parameter value, change this for production!","param":"socket.server_key"}
{"level":"warn","ts":"2023-04-13T05:55:26.856Z","caller":"server/config.go:327","msg":"WARNING: insecure default parameter value, change this for production!","param":"session.encryption_key"}
{"level":"warn","ts":"2023-04-13T05:55:26.857Z","caller":"server/config.go:331","msg":"WARNING: insecure default parameter value, change this for production!","param":"session.refresh_encryption_key"}
{"level":"warn","ts":"2023-04-13T05:55:26.857Z","caller":"server/config.go:335","msg":"WARNING: insecure default parameter value, change this for production!","param":"runtime.http_key"}
{"level":"warn","ts":"2023-04-13T05:55:45.344Z","caller":"server/runtime_javascript_logger.go:84","msg":"[Enviando]:{\"topic\":\"auth\",\"message\":{\"refreshToken\":\"eyJhbGciOiJIUzI1NiIsInR5cCI6IkpXVCJ9.eyJ1aWQiOiIwNzgyMjQ5ZC1hMDQ5LTRiZWUtYTJmZi1hNTYzYjhkM2E5YjEiLCJ1c24iOiJyYWZhbnRlIiwiZXhwIjoxNjgxMzY4OTQ1fQ.DTzCIiJEYxoM-EjWtK3-tV1vKvpa8lYnz9jup-B-QDI\",\"created\":true,\"token\":\"eyJhbGciOiJIUzI1NiIsInR5cCI6IkpXVCJ9.eyJ1aWQiOiIwNzgyMjQ5ZC1hMDQ5LTRiZWUtYTJmZi1hNTYzYjhkM2E5YjEiLCJ1c24iOiJyYWZhbnRlIiwiZXhwIjoxNjgxMzY1NDA1fQ.DXAB3sHXo_VOl6LpHadR_QO8lFlHby2PQu_J_wTYKjY\"}}","api_id":"authenticateemail","mode":"after"}
{"level":"error","ts":"2023-04-13T05:55:50.346Z","caller":"server/runtime_javascript_logger.go:94","msg":"GoError: HTTP request error: Post \"http://192.168.100.4:3000/send_message\": context deadline exceeded","api_id":"authenticateemail","mode":"after"}
{"level":"warn","ts":"2023-04-13T05:55:58.118Z","caller":"server/runtime_javascript_logger.go:84","msg":"[Enviando]:{\"topic\":\"auth\",\"message\":{\"token\":\"eyJhbGciOiJIUzI1NiIsInR5cCI6IkpXVCJ9.eyJ1aWQiOiIwNzgyMjQ5ZC1hMDQ5LTRiZWUtYTJmZi1hNTYzYjhkM2E5YjEiLCJ1c24iOiJyYWZhbnRlIiwiZXhwIjoxNjgxMzY1NDE4fQ.R6_H-e9UmHf9uQXXdZNuZbAECRJc2ndJos9talkB5KQ\",\"refreshToken\":\"eyJhbGciOiJIUzI1NiIsInR5cCI6IkpXVCJ9.eyJ1aWQiOiIwNzgyMjQ5ZC1hMDQ5LTRiZWUtYTJmZi1hNTYzYjhkM2E5YjEiLCJ1c24iOiJyYWZhbnRlIiwiZXhwIjoxNjgxMzY4OTU4fQ.n2XkpAJ5BymL6AcXIvgz7sRw_78fSBhVM3iRHBTgwBg\"}}","api_id":"authenticateemail","mode":"after"}
{"level":"error","ts":"2023-04-13T05:56:03.120Z","caller":"server/runtime_javascript_logger.go:94","msg":"GoError: HTTP request error: Post \"http://192.168.100.4:3000/send_message\": context deadline exceeded","api_id":"authenticateemail","mode":"after"}
{"level":"error","ts":"2023-04-13T06:06:16.929Z","caller":"server/console_api_explorer.go:116","msg":"Error calling a built-in RPC function without a user_id.","method":"SessionRefresh"}
{"level":"warn","ts":"2023-04-13T06:43:34.302Z","caller":"server/config.go:311","msg":"WARNING: insecure default parameter value, change this for production!","param":"console.username"}
{"level":"warn","ts":"2023-04-13T06:43:34.305Z","caller":"server/config.go:315","msg":"WARNING: insecure default parameter value, change this for production!","param":"console.password"}
{"level":"warn","ts":"2023-04-13T06:43:34.308Z","caller":"server/config.go:319","msg":"WARNING: insecure default parameter value, change this for production!","param":"console.signing_key"}
{"level":"warn","ts":"2023-04-13T06:43:34.311Z","caller":"server/config.go:323","msg":"WARNING: insecure default parameter value, change this for production!","param":"socket.server_key"}
{"level":"warn","ts":"2023-04-13T06:43:34.313Z","caller":"server/config.go:327","msg":"WARNING: insecure default parameter value, change this for production!","param":"session.encryption_key"}
{"level":"warn","ts":"2023-04-13T06:43:34.316Z","caller":"server/config.go:331","msg":"WARNING: insecure default parameter value, change this for production!","param":"session.refresh_encryption_key"}
{"level":"warn","ts":"2023-04-13T06:43:34.319Z","caller":"server/config.go:335","msg":"WARNING: insecure default parameter value, change this for production!","param":"runtime.http_key"}
{"level":"warn","ts":"2023-04-13T06:45:00.663Z","caller":"server/runtime_javascript_logger.go:84","msg":"[Enviando]:{\"topic\":\"auth\",\"message\":{\"token\":\"eyJhbGciOiJIUzI1NiIsInR5cCI6IkpXVCJ9.eyJ1aWQiOiIyNzE1MGZkZi0zZGVlLTQwYmQtOTk0OS1jNjQ1MjA4NDVlZGUiLCJ1c24iOiJxb2ZVcGJuemZKIiwiZXhwIjoxNjgxMzY4MzYwfQ.fZ8fFvdXZcE5iW5L9fn9DMFRodXlrdf54JR5qbx8xs8\",\"refreshToken\":\"eyJhbGciOiJIUzI1NiIsInR5cCI6IkpXVCJ9.eyJ1aWQiOiIyNzE1MGZkZi0zZGVlLTQwYmQtOTk0OS1jNjQ1MjA4NDVlZGUiLCJ1c24iOiJxb2ZVcGJuemZKIiwiZXhwIjoxNjgxMzcxOTAwfQ.LyOh8-QIrDF5ErdhpVGJycsTzNAGhr9r2TTlU9y36N4\",\"created\":true}}","api_id":"authenticateemail","mode":"after"}
{"level":"error","ts":"2023-04-13T06:45:05.670Z","caller":"server/runtime_javascript_logger.go:94","msg":"GoError: HTTP request error: Post \"http://outgoing-messages:3000/send_message\": context deadline exceeded","api_id":"authenticateemail","mode":"after"}
{"level":"warn","ts":"2023-04-13T06:47:47.250Z","caller":"server/config.go:311","msg":"WARNING: insecure default parameter value, change this for production!","param":"console.username"}
{"level":"warn","ts":"2023-04-13T06:47:47.252Z","caller":"server/config.go:315","msg":"WARNING: insecure default parameter value, change this for production!","param":"console.password"}
{"level":"warn","ts":"2023-04-13T06:47:47.252Z","caller":"server/config.go:319","msg":"WARNING: insecure default parameter value, change this for production!","param":"console.signing_key"}
{"level":"warn","ts":"2023-04-13T06:47:47.253Z","caller":"server/config.go:323","msg":"WARNING: insecure default parameter value, change this for production!","param":"socket.server_key"}
{"level":"warn","ts":"2023-04-13T06:47:47.255Z","caller":"server/config.go:327","msg":"WARNING: insecure default parameter value, change this for production!","param":"session.encryption_key"}
{"level":"warn","ts":"2023-04-13T06:47:47.257Z","caller":"server/config.go:331","msg":"WARNING: insecure default parameter value, change this for production!","param":"session.refresh_encryption_key"}
{"level":"warn","ts":"2023-04-13T06:47:47.257Z","caller":"server/config.go:335","msg":"WARNING: insecure default parameter value, change this for production!","param":"runtime.http_key"}
{"level":"warn","ts":"2023-04-13T06:48:47.381Z","caller":"server/runtime_javascript_logger.go:84","msg":"[Enviando]:{\"topic\":\"auth\",\"message\":{\"token\":\"eyJhbGciOiJIUzI1NiIsInR5cCI6IkpXVCJ9.eyJ1aWQiOiI5ZGE2NTExMi1jYTExLTQ5MTYtYjE5Yi05MWM1NDFkNGNhYzMiLCJ1c24iOiJNZ0VNVVVWZmliIiwiZXhwIjoxNjgxMzY4NTg3fQ.sM9AAA806pl_mhhXk-Ve9dDvzBNduVkWfVCd6QLvRnk\",\"refreshToken\":\"eyJhbGciOiJIUzI1NiIsInR5cCI6IkpXVCJ9.eyJ1aWQiOiI5ZGE2NTExMi1jYTExLTQ5MTYtYjE5Yi05MWM1NDFkNGNhYzMiLCJ1c24iOiJNZ0VNVVVWZmliIiwiZXhwIjoxNjgxMzcyMTI3fQ.mgo21XPcoACz7lcYyJ5C5KH9J37hp9s2hkZjGZD1GlI\",\"created\":true}}","api_id":"authenticateemail","mode":"after"}
{"level":"warn","ts":"2023-04-13T06:48:47.604Z","caller":"server/runtime_javascript_logger.go:84","msg":"200","api_id":"authenticateemail","mode":"after"}
{"level":"warn","ts":"2023-04-13T06:48:47.605Z","caller":"server/runtime_javascript_logger.go:84","msg":"{\"status\":\"success\",\"message\":\"Mensagem enviada com sucesso\"}","api_id":"authenticateemail","mode":"after"}
{"level":"warn","ts":"2023-04-13T06:48:47.611Z","caller":"server/runtime_javascript_logger.go:84","msg":"{\"Connection\":[\"keep-alive\"],\"Keep-Alive\":[\"timeout=5\"],\"X-Powered-By\":[\"Express\"],\"Content-Type\":[\"application/json; charset=utf-8\"],\"Content-Length\":[\"61\"],\"Etag\":[\"W/\\\"3d-5t2bN6BHCo29jF/W/rZiWmBKMV0\\\"\"],\"Date\":[\"Thu, 13 Apr 2023 06:48:47 GMT\"]}","api_id":"authenticateemail","mode":"after"}
{"level":"warn","ts":"2023-04-14T00:22:08.158Z","caller":"server/config.go:311","msg":"WARNING: insecure default parameter value, change this for production!","param":"console.username"}
{"level":"warn","ts":"2023-04-14T00:22:08.158Z","caller":"server/config.go:315","msg":"WARNING: insecure default parameter value, change this for production!","param":"console.password"}
{"level":"warn","ts":"2023-04-14T00:22:08.159Z","caller":"server/config.go:319","msg":"WARNING: insecure default parameter value, change this for production!","param":"console.signing_key"}
{"level":"warn","ts":"2023-04-14T00:22:08.160Z","caller":"server/config.go:323","msg":"WARNING: insecure default parameter value, change this for production!","param":"socket.server_key"}
{"level":"warn","ts":"2023-04-14T00:22:08.160Z","caller":"server/config.go:327","msg":"WARNING: insecure default parameter value, change this for production!","param":"session.encryption_key"}
{"level":"warn","ts":"2023-04-14T00:22:08.161Z","caller":"server/config.go:331","msg":"WARNING: insecure default parameter value, change this for production!","param":"session.refresh_encryption_key"}
{"level":"warn","ts":"2023-04-14T00:22:08.161Z","caller":"server/config.go:335","msg":"WARNING: insecure default parameter value, change this for production!","param":"runtime.http_key"}
{"level":"warn","ts":"2023-04-14T00:23:48.090Z","caller":"server/config.go:311","msg":"WARNING: insecure default parameter value, change this for production!","param":"console.username"}
{"level":"warn","ts":"2023-04-14T00:23:48.091Z","caller":"server/config.go:315","msg":"WARNING: insecure default parameter value, change this for production!","param":"console.password"}
{"level":"warn","ts":"2023-04-14T00:23:48.091Z","caller":"server/config.go:319","msg":"WARNING: insecure default parameter value, change this for production!","param":"console.signing_key"}
{"level":"warn","ts":"2023-04-14T00:23:48.092Z","caller":"server/config.go:323","msg":"WARNING: insecure default parameter value, change this for production!","param":"socket.server_key"}
{"level":"warn","ts":"2023-04-14T00:23:48.093Z","caller":"server/config.go:327","msg":"WARNING: insecure default parameter value, change this for production!","param":"session.encryption_key"}
{"level":"warn","ts":"2023-04-14T00:23:48.093Z","caller":"server/config.go:331","msg":"WARNING: insecure default parameter value, change this for production!","param":"session.refresh_encryption_key"}
{"level":"warn","ts":"2023-04-14T00:23:48.095Z","caller":"server/config.go:335","msg":"WARNING: insecure default parameter value, change this for production!","param":"runtime.http_key"}
{"level":"warn","ts":"2023-04-14T00:48:42.582Z","caller":"server/runtime_javascript_logger.go:84","msg":"[Enviando]:{\"topic\":\"auth\",\"message\":{\"created\":true,\"token\":\"eyJhbGciOiJIUzI1NiIsInR5cCI6IkpXVCJ9.eyJ1aWQiOiIyN2MyNTg5ZS0wYWE2LTQ3YTQtOWI0Mi02Mzc5ZDVjNWRkODAiLCJ1c24iOiJcdTAwM2NzdHJpbmdcdTAwM2UiLCJ2cnMiOnsiXHUwMDNjc3RyaW5nXHUwMDNlIjoiXHUwMDNjc3RyaW5nXHUwMDNlIn0sImV4cCI6MTY4MTQzMzM4Mn0.L2Fgr_KSEZ4csVFwFVjIKiP7mXRBVC28idrNu0EiZkc\",\"refreshToken\":\"eyJhbGciOiJIUzI1NiIsInR5cCI6IkpXVCJ9.eyJ1aWQiOiIyN2MyNTg5ZS0wYWE2LTQ3YTQtOWI0Mi02Mzc5ZDVjNWRkODAiLCJ1c24iOiJcdTAwM2NzdHJpbmdcdTAwM2UiLCJ2cnMiOnsiXHUwMDNjc3RyaW5nXHUwMDNlIjoiXHUwMDNjc3RyaW5nXHUwMDNlIn0sImV4cCI6MTY4MTQzNjkyMn0.2WB20Xpwztqp6S5MSNoxtpZc8snbqEa9EEGoLJvKsXk\"}}","api_id":"authenticateemail","mode":"after"}
{"level":"warn","ts":"2023-04-14T00:48:43.413Z","caller":"server/runtime_javascript_logger.go:84","msg":"200","api_id":"authenticateemail","mode":"after"}
{"level":"warn","ts":"2023-04-14T00:48:43.418Z","caller":"server/runtime_javascript_logger.go:84","msg":"{\"status\":\"success\",\"message\":\"Mensagem enviada com sucesso\"}","api_id":"authenticateemail","mode":"after"}
{"level":"warn","ts":"2023-04-14T00:48:43.430Z","caller":"server/runtime_javascript_logger.go:84","msg":"{\"X-Powered-By\":[\"Express\"],\"Content-Type\":[\"application/json; charset=utf-8\"],\"Content-Length\":[\"61\"],\"Etag\":[\"W/\\\"3d-5t2bN6BHCo29jF/W/rZiWmBKMV0\\\"\"],\"Date\":[\"Fri, 14 Apr 2023 00:48:43 GMT\"],\"Connection\":[\"keep-alive\"],\"Keep-Alive\":[\"timeout=5\"]}","api_id":"authenticateemail","mode":"after"}
{"level":"warn","ts":"2023-04-14T00:50:54.457Z","caller":"server/runtime_javascript_logger.go:84","msg":"[Enviando]:{\"topic\":\"auth\",\"message\":{\"created\":true,\"token\":\"eyJhbGciOiJIUzI1NiIsInR5cCI6IkpXVCJ9.eyJ1aWQiOiI5NzkyNTZlMi1jZmE0LTQ5NzQtOTU5ZS1jZjI4MWY3ZjliNDUiLCJ1c24iOiJWd0RTVGR1ZHpaIiwiZXhwIjoxNjgxNDMzNTE0fQ._2Y0raj7A5Y-EE26F503vlwkmorIVKyhYlYnwSXimV0\",\"refreshToken\":\"eyJhbGciOiJIUzI1NiIsInR5cCI6IkpXVCJ9.eyJ1aWQiOiI5NzkyNTZlMi1jZmE0LTQ5NzQtOTU5ZS1jZjI4MWY3ZjliNDUiLCJ1c24iOiJWd0RTVGR1ZHpaIiwiZXhwIjoxNjgxNDM3MDU0fQ.DdJmzemItaRvKqXek_S2PTLgQ6thoDqGU2m1lNaBHEM\"}}","api_id":"authenticateemail","mode":"after"}
{"level":"warn","ts":"2023-04-14T00:50:54.526Z","caller":"server/runtime_javascript_logger.go:84","msg":"200","api_id":"authenticateemail","mode":"after"}
{"level":"warn","ts":"2023-04-14T00:50:54.532Z","caller":"server/runtime_javascript_logger.go:84","msg":"{\"status\":\"success\",\"message\":\"Mensagem enviada com sucesso\"}","api_id":"authenticateemail","mode":"after"}
{"level":"warn","ts":"2023-04-14T00:50:54.537Z","caller":"server/runtime_javascript_logger.go:84","msg":"{\"Connection\":[\"keep-alive\"],\"Keep-Alive\":[\"timeout=5\"],\"X-Powered-By\":[\"Express\"],\"Content-Type\":[\"application/json; charset=utf-8\"],\"Content-Length\":[\"61\"],\"Etag\":[\"W/\\\"3d-5t2bN6BHCo29jF/W/rZiWmBKMV0\\\"\"],\"Date\":[\"Fri, 14 Apr 2023 00:50:54 GMT\"]}","api_id":"authenticateemail","mode":"after"}
{"level":"error","ts":"2023-04-14T02:05:48.956Z","caller":"server/runtime_javascript_logger.go:94","msg":"TypeError: expects string","rpc_id":"addsats"}
{"level":"error","ts":"2023-04-14T02:05:56.340Z","caller":"server/runtime_javascript.go:551","msg":"JavaScript runtime function raised an uncaught exception","mode":"rpc","id":"getsats","error":"TypeError: expects 'userId' value to be a string at github.com/heroiclabs/nakama/v3/server.(*runtimeJavascriptNakamaModule).storageRead.func1 (native)"}
